✓ Initialized. View run at
https://modal.com/apps/workspace-mzieroo/main/ap-Tra0sMF8kenMuoQeXkgjy3
✓ Created objects.
├── 🔨 Created mount /app/launcher.py
├── 🔨 Created mount /app
└── 🔨 Created function run_training.
--- Preparing and launching Modal benchmark job ---
Modal credentials found.
Original max_samples: 1000
Temporarily setting max_samples to 1000 for this run.

==================================================
>>> LAUNCHING BENCHMARK RUNS
==================================================

/pkg/modal/client.py:212: UserWarning: Modal tokens provided by MODAL_TOKEN_ID and MODAL_TOKEN_SECRET (or through the config file) are ignored inside containers.
  warnings.warn(
--- Starting training run with ORIGINAL kernel ---
/pkg/modal/client.py:212: UserWarning: Modal tokens provided by MODAL_TOKEN_ID and MODAL_TOKEN_SECRET (or through the config file) are ignored inside containers.
  warnings.warn(
--- Starting training run with OPTIMIZED kernel ---
Traceback (most recent call last):
  File "/root/KernelDev/entry.py", line 411, in start_actual_training
    trainer.train(
  File "/root/KernelDev/train_loop.py", line 917, in train
    self.train_epoch(train_loaders, val_loaders, epoch, task_configs)
  File "/root/KernelDev/train_loop.py", line 708, in train_epoch
    self.config.scaler.scale(total_loss).backward()
  File "/usr/local/lib/python3.11/site-packages/torch/_tensor.py", line 647, in backward
    torch.autograd.backward(
  File "/usr/local/lib/python3.11/site-packages/torch/autograd/__init__.py", line 354, in backward
    _engine_run_backward(
  File "/usr/local/lib/python3.11/site-packages/torch/autograd/graph.py", line 829, in _engine_run_backward
    return Variable._execution_engine.run_backward(  # Calls into the C++ engine to run the backward pass
           ^^^^^^^^^^^^^^^^^^^^^^^^^^^^^^^^^^^^^^^^^^^^^^^^^^^^^^^^^^^^^^^^^^^^^^^^^^^^^^^^^^^^^^^^^^^^^^
  File "/usr/local/lib/python3.11/site-packages/torch/autograd/function.py", line 311, in apply
    return user_fn(self, *args)
           ^^^^^^^^^^^^^^^^^^^^
  File "/usr/local/lib/python3.11/site-packages/torch/_library/autograd.py", line 77, in backward
    result = info._backward_fn(ctx, *grads)
             ^^^^^^^^^^^^^^^^^^^^^^^^^^^^^^
  File "/root/KernelDev/optimized_kernel.py", line 1275, in attention_backward_adapter_op
    DQ, DK, DV = torch.ops.flash_attention.backward(
                 ^^^^^^^^^^^^^^^^^^^^^^^^^^^^^^^^^^^
  File "/usr/local/lib/python3.11/site-packages/torch/_ops.py", line 1243, in __call__
    return self._op(*args, **kwargs)
           ^^^^^^^^^^^^^^^^^^^^^^^^^
  File "/usr/local/lib/python3.11/site-packages/torch/_library/autograd.py", line 111, in autograd_impl
    result = forward_no_grad(*args, Metadata(keyset, keyword_only_args))
             ^^^^^^^^^^^^^^^^^^^^^^^^^^^^^^^^^^^^^^^^^^^^^^^^^^^^^^^^^^^
  File "/usr/local/lib/python3.11/site-packages/torch/_library/autograd.py", line 40, in forward_no_grad
    result = op.redispatch(keyset & _C._after_autograd_keyset, *args, **kwargs)
             ^^^^^^^^^^^^^^^^^^^^^^^^^^^^^^^^^^^^^^^^^^^^^^^^^^^^^^^^^^^^^^^^^^
  File "/usr/local/lib/python3.11/site-packages/torch/_ops.py", line 836, in redispatch
    return self._handle.redispatch_boxed(keyset, *args, **kwargs)  # type: ignore[return-value]
           ^^^^^^^^^^^^^^^^^^^^^^^^^^^^^^^^^^^^^^^^^^^^^^^^^^^^^^
  File "/usr/local/lib/python3.11/site-packages/torch/_library/custom_ops.py", line 344, in backend_impl
    result = self._backend_fns[device_type](*args, **kwargs)
             ^^^^^^^^^^^^^^^^^^^^^^^^^^^^^^^^^^^^^^^^^^^^^^^
  File "/usr/local/lib/python3.11/site-packages/torch/_compile.py", line 53, in inner
    return disable_fn(*args, **kwargs)
           ^^^^^^^^^^^^^^^^^^^^^^^^^^^
  File "/usr/local/lib/python3.11/site-packages/torch/_dynamo/eval_frame.py", line 929, in _fn
    return fn(*args, **kwargs)
           ^^^^^^^^^^^^^^^^^^^
  File "/usr/local/lib/python3.11/site-packages/torch/_library/custom_ops.py", line 377, in wrapped_fn
    return fn(*args, **kwargs)
           ^^^^^^^^^^^^^^^^^^^
  File "/root/KernelDev/optimized_kernel.py", line 1174, in attention_backward_adapter
    _attn_bwd_preprocess[pre_grid](
  File "/usr/local/lib/python3.11/site-packages/triton/runtime/jit.py", line 390, in <lambda>
    return lambda *args, **kwargs: self.run(grid=grid, warmup=False, *args, **kwargs)
                                   ^^^^^^^^^^^^^^^^^^^^^^^^^^^^^^^^^^^^^^^^^^^^^^^^^^
  File "/usr/local/lib/python3.11/site-packages/triton/runtime/jit.py", line 594, in run
    kernel = self.compile(src, target=target, options=options.__dict__)
             ^^^^^^^^^^^^^^^^^^^^^^^^^^^^^^^^^^^^^^^^^^^^^^^^^^^^^^^^^^
  File "/usr/local/lib/python3.11/site-packages/triton/compiler/compiler.py", line 339, in compile
    module = src.make_ir(options, codegen_fns, module_map, context)
             ^^^^^^^^^^^^^^^^^^^^^^^^^^^^^^^^^^^^^^^^^^^^^^^^^^^^^^
  File "/usr/local/lib/python3.11/site-packages/triton/compiler/compiler.py", line 83, in make_ir
    return ast_to_ttir(self.fn, self, context=context, options=options, codegen_fns=codegen_fns,
           ^^^^^^^^^^^^^^^^^^^^^^^^^^^^^^^^^^^^^^^^^^^^^^^^^^^^^^^^^^^^^^^^^^^^^^^^^^^^^^^^^^^^^
triton.compiler.errors.CompilationError: at 7:31:
def _attn_bwd_preprocess(O, DO,  #
                         Delta,  #
                         Z, H, N_CTX,  #
                         *,
                         BLOCK_M: tl.constexpr, HEAD_DIM: tl.constexpr  #
                         ):
    off_m = tl.program_id(0) * BLOCK_M + tl.arange(0, BLOCK_M)
                               ^
NameError('BLOCK_M is not defined')
INFO: Using OPTIMIZED flash attention kernel.
Running in single process mode (nproc_per_node = 1).
Configuration loaded from: /root/KernelDev/remote_config.yaml
=== GPU Information ===
Device: NVIDIA H100 80GB HBM3
Compute Capability: (9, 0)
Total Memory: 79.2 GB
Current Memory Usage: 0.0 GB
Current Memory Cached: 0.0 GB
✓ H100-optimized flash attention kernels will be used

=== GPT Model Training with Flash Attention ===
Precision: bf16 (bfloat16)
Mixed Precision Training: Enabled (bf16)
Setting up configuration...

=== Initializing Model ===

=== Setting up Precision ===
Setting up mixed precision training (bf16)...
✓ Model prepared for bf16 mixed precision training
✓ Gradient scaler initialized for mixed precision
Total parameters: 810,024,960
Trainable parameters: 810,024,960
Parameter dtype: torch.float32

=== Memory Estimation ===
Estimated memory usage (bf16):
  Model parameters: 1.1GB
  Gradients: 2.3GB
  Optimizer states: 4.5GB
  Total model memory: 7.9GB
  Activation memory per sample: 93.8MB
  Available for activations: 69.1GB
  Recommended batch size: 737
Using estimated batch_size: 16
Device: cuda
Model config: {'vocab_size': 256, 'dim': 2048, 'n_layers': 12, 'n_heads': 16, 'max_seq_len': 2048, 'mlp_ratio': 4, 'causal': True, 'task_names': ['cocktail_party', 'teacher_forcing']}
Data config: {'dataset_name': 'allenai/c4', 'dataset_config': 'en', 'seq_len': 1024, 'max_samples': 1000, 'max_eval_tokens': 50000, 'on_the_fly_tokenization': True}
Training config: batch_size=16, epochs=1

=== Loading and Processing Data ===
Using UTF-8 byte tokenization with vocabulary size: 262
Max evaluation tokens per split: 50000
Will attempt to load up to 1000 samples from the dataset.
Loading dataset: allenai/c4/en
Attempting Method 1: Load C4 'en' (streaming)...
C4 'en' (streaming) load_dataset call succeeded. Processing samples...
Raw iterated 500 items from C4 'en' streaming, processed 500 valid samples...
Raw iterated 1000 items from C4 'en' streaming, processed 1000 valid samples...
Reached max_samples (1000) for C4 'en' streaming.
Finished processing C4 'en' streaming. Total valid samples extracted: 1000
Successfully processed 1000 samples from C4 'en' stream.
Successfully loaded 1000 samples using C4 'en'.
Final dataset loaded with 1000 samples.
Returning dataset splits: train=800, val=100, test=100
train dataset (on-the-fly): 800 samples
validation dataset (on-the-fly): 100 samples
test dataset (on-the-fly): 100 samples
Confirmed vocab_size: 262 (UTF-8 bytes)
--- train ---
  teacher_forcing: 50 batches of size 16
  cocktail_party: 100 batches of size 16
--- validation ---
  teacher_forcing: 7 batches of size 16
  cocktail_party: 13 batches of size 16
--- test ---
  teacher_forcing: 7 batches of size 16
  cocktail_party: 13 batches of size 16

=== Data Sample (Teacher Forcing) ===
Batch shape: torch.Size([16, 1024])
Sample tokens: [1, 38, 71, 116, 38, 123, 114, 122, 120, 103, 38, 114, 123, 126, 123, 120, 111, 117, 123, 121]
Sample targets: [38, 71, 116, 38, 123, 114, 122, 120, 103, 38, 114, 123, 126, 123, 120, 111, 117, 123, 121, 38]
Sample text: '[CLS] An ultra luxurious resort-style compound located...'

=== Data Sample (Cocktail Party) ===
Batch shape: torch.Size([6, 1024])
Sample tokens: [1, 38, 89, 107, 103, 120, 105, 110, 111, 116, 109, 38, 110, 117, 115, 107, 121, 38, 108, 117]
Sample text: '[CLS] Searching homes for sale in Charlotte County, FL...'

=== Checking for Existing Checkpoints ===
No existing checkpoints found. Starting fresh training.

=== Setting up Trainer ===
RANK, WORLD_SIZE, or LOCAL_RANK environment variables are not valid integers.
Running in non-distributed mode on device: cuda
✓ PyTorch optimization flags enabled for speed
Model moved to device: cuda (non-distributed or world_size=1).
Trainer initialized on device: cuda
Model parameters: 810,024,960

=== Initial Evaluation ===
Evaluation for task teacher_forcing limited to 10 batches for speed
Evaluation for task cocktail_party limited to 10 batches for speed
Evaluation for task cocktail_party limited to 10 batches for speed
Initial training loss: 4.5425
Initial validation loss: 5.5329
Initial cocktail party metrics: accuracy: 0.2714,

=== Starting Training ===
No existing checkpoints found. Starting training from scratch...
Starting training for 1 epochs...
Calculated steps_per_epoch: 100
Scheduler initialized with T_max = 100 for a single decay.
Initial validation loss: 4.6137
Initial cocktail party metrics: accuracy: 0.2266,

Training failed with error: at 7:31:
def _attn_bwd_preprocess(O, DO,  #
                         Delta,  #
                         Z, H, N_CTX,  #
                         *,
                         BLOCK_M: tl.constexpr, HEAD_DIM: tl.constexpr  #
                         ):
    off_m = tl.program_id(0) * BLOCK_M + tl.arange(0, BLOCK_M)
                               ^
NameError('BLOCK_M is not defined')
Training metrics saved (Rank 0): checkpoints/training_metrics.pt
Training failed: at 7:31:
def _attn_bwd_preprocess(O, DO,  #
                         Delta,  #
                         Z, H, N_CTX,  #
                         *,
                         BLOCK_M: tl.constexpr, HEAD_DIM: tl.constexpr  #
                         ):
    off_m = tl.program_id(0) * BLOCK_M + tl.arange(0, BLOCK_M)
                               ^
NameError('BLOCK_M is not defined')

=== Training Session Complete ===
--- Training with OPTIMIZED kernel complete ---
INFO: Using ORIGINAL flash attention kernel.
Running in single process mode (nproc_per_node = 1).
Configuration loaded from: /root/KernelDev/remote_config.yaml
=== GPU Information ===
Device: NVIDIA H100 80GB HBM3
Compute Capability: (9, 0)
Total Memory: 79.2 GB
Current Memory Usage: 0.0 GB
Current Memory Cached: 0.0 GB
✓ H100-optimized flash attention kernels will be used

=== GPT Model Training with Flash Attention ===
Precision: bf16 (bfloat16)
Mixed Precision Training: Enabled (bf16)
Setting up configuration...

=== Initializing Model ===

=== Setting up Precision ===
Setting up mixed precision training (bf16)...
✓ Model prepared for bf16 mixed precision training
✓ Gradient scaler initialized for mixed precision
Total parameters: 810,024,960
Trainable parameters: 810,024,960
Parameter dtype: torch.float32

=== Memory Estimation ===
Estimated memory usage (bf16):
  Model parameters: 1.1GB
  Gradients: 2.3GB
  Optimizer states: 4.5GB
  Total model memory: 7.9GB
  Activation memory per sample: 93.8MB
  Available for activations: 69.1GB
  Recommended batch size: 737
Using estimated batch_size: 16
Device: cuda
Model config: {'vocab_size': 256, 'dim': 2048, 'n_layers': 12, 'n_heads': 16, 'max_seq_len': 2048, 'mlp_ratio': 4, 'causal': True, 'task_names': ['cocktail_party', 'teacher_forcing']}
Data config: {'dataset_name': 'allenai/c4', 'dataset_config': 'en', 'seq_len': 1024, 'max_samples': 1000, 'max_eval_tokens': 50000, 'on_the_fly_tokenization': True}
Training config: batch_size=16, epochs=1

=== Loading and Processing Data ===
Using UTF-8 byte tokenization with vocabulary size: 262
Max evaluation tokens per split: 50000
Will attempt to load up to 1000 samples from the dataset.
Loading dataset: allenai/c4/en
Attempting Method 1: Load C4 'en' (streaming)...
C4 'en' (streaming) load_dataset call succeeded. Processing samples...
Raw iterated 500 items from C4 'en' streaming, processed 500 valid samples...
Raw iterated 1000 items from C4 'en' streaming, processed 1000 valid samples...
Reached max_samples (1000) for C4 'en' streaming.
Finished processing C4 'en' streaming. Total valid samples extracted: 1000
Successfully processed 1000 samples from C4 'en' stream.
Successfully loaded 1000 samples using C4 'en'.
Final dataset loaded with 1000 samples.
Returning dataset splits: train=800, val=100, test=100
train dataset (on-the-fly): 800 samples
validation dataset (on-the-fly): 100 samples
test dataset (on-the-fly): 100 samples
Confirmed vocab_size: 262 (UTF-8 bytes)
--- train ---
  teacher_forcing: 50 batches of size 16
  cocktail_party: 100 batches of size 16
--- validation ---
  teacher_forcing: 7 batches of size 16
  cocktail_party: 13 batches of size 16
--- test ---
  teacher_forcing: 7 batches of size 16
  cocktail_party: 13 batches of size 16

=== Data Sample (Teacher Forcing) ===
Batch shape: torch.Size([16, 1024])
Sample tokens: [1, 38, 71, 116, 38, 123, 114, 122, 120, 103, 38, 114, 123, 126, 123, 120, 111, 117, 123, 121]
Sample targets: [38, 71, 116, 38, 123, 114, 122, 120, 103, 38, 114, 123, 126, 123, 120, 111, 117, 123, 121, 38]
Sample text: '[CLS] An ultra luxurious resort-style compound located...'

=== Data Sample (Cocktail Party) ===
Batch shape: torch.Size([6, 1024])
Sample tokens: [1, 38, 89, 107, 103, 120, 105, 110, 111, 116, 109, 38, 110, 117, 115, 107, 121, 38, 108, 117]
Sample text: '[CLS] Searching homes for sale in Charlotte County, FL...'

=== Checking for Existing Checkpoints ===
No existing checkpoints found. Starting fresh training.

=== Setting up Trainer ===
RANK, WORLD_SIZE, or LOCAL_RANK environment variables are not valid integers.
Running in non-distributed mode on device: cuda
✓ PyTorch optimization flags enabled for speed
Model moved to device: cuda (non-distributed or world_size=1).
Trainer initialized on device: cuda
Model parameters: 810,024,960

=== Initial Evaluation ===
Evaluation for task teacher_forcing limited to 10 batches for speed
Evaluation for task cocktail_party limited to 10 batches for speed
Evaluation for task cocktail_party limited to 10 batches for speed
Initial training loss: 5.3240
Initial validation loss: 5.4447
Initial cocktail party metrics: accuracy: 0.3250,

=== Starting Training ===
No existing checkpoints found. Starting training from scratch...
Starting training for 1 epochs...
Calculated steps_per_epoch: 100
Scheduler initialized with T_max = 100 for a single decay.
Initial validation loss: 5.5182
Initial cocktail party metrics: accuracy: 0.2019,
Epoch 1, Step 50, Rank 0, Total Loss: 4.4381 (MA: 6.6896, Var: 9.8433), teacher_forcing: 3.1533, cocktail_party: 1.2847, LR: 0.000016, Step Time: 0.815s
Epoch 1, Step 100, Rank 0, Total Loss: 4.4470 (MA: 4.5304, Var: 0.0133), teacher_forcing: 3.0603, cocktail_party: 1.3867, LR: 0.000000, Step Time: 0.685s
Epoch 1 completed (Rank 0): Avg Loss: 5.5890, Time: 102.30s
Checkpoint saved by Rank 0: checkpoints/checkpoint_step_101.pt
Training metrics saved (Rank 0): checkpoints/training_metrics.pt

=== Training Completed ===

=== Plotting Results ===
Training curves saved: checkpoints/training_curves.png

=== Testing Text Generation ===
Generating sample text...
Generated text (no prompt):
'[CLS] t rile io i roen  s eoan on cil tl h gianhenlh sc'

Generated text (prompt: 'The'):
'[CLS] Theth siase enoieerlo dhnd iros te gnhr  n nnooft n t'

Generated text (prompt: 'In a world where'):
'[CLS] In a world whereeittr ane r s men cn ce cealder audnilr rtoaa pshh'


=== Best Results ===
Best validation loss: 5.5182 at step 0
Total training steps: 101

=== Training Session Complete ===
--- Training with ORIGINAL kernel complete ---
--- Modal benchmark finished ---
Stopping app - local entrypoint completed.
✓ App completed. View run at
https://modal.com/apps/workspace-mzieroo/main/ap-Tra0sMF8kenMuoQeXkgjy3
